Traceback (most recent call last):
  File "/usr/share/miniconda3/envs/docbuild/lib/python3.10/site-packages/jupyter_cache/executors/utils.py", line 58, in single_nb_execution
    executenb(
  File "/usr/share/miniconda3/envs/docbuild/lib/python3.10/site-packages/nbclient/client.py", line 1305, in execute
    return NotebookClient(nb=nb, resources=resources, km=km, **kwargs).execute()
  File "/usr/share/miniconda3/envs/docbuild/lib/python3.10/site-packages/jupyter_core/utils/__init__.py", line 173, in wrapped
    return loop.run_until_complete(inner)
  File "/usr/share/miniconda3/envs/docbuild/lib/python3.10/asyncio/base_events.py", line 649, in run_until_complete
    return future.result()
  File "/usr/share/miniconda3/envs/docbuild/lib/python3.10/site-packages/nbclient/client.py", line 705, in async_execute
    await self.async_execute_cell(
  File "/usr/share/miniconda3/envs/docbuild/lib/python3.10/site-packages/nbclient/client.py", line 1058, in async_execute_cell
    await self._check_raise_for_error(cell, cell_index, exec_reply)
  File "/usr/share/miniconda3/envs/docbuild/lib/python3.10/site-packages/nbclient/client.py", line 914, in _check_raise_for_error
    raise CellExecutionError.from_cell_and_msg(cell, exec_reply_content)
nbclient.exceptions.CellExecutionError: An error occurred while executing the following cell:
------------------
from activitysim.core import workflow
from activitysim import abm
------------------

----- stderr -----
/usr/share/miniconda3/envs/docbuild/lib/python3.10/site-packages/numba/core/decorators.py:262: NumbaDeprecationWarning: [1mnumba.generated_jit is deprecated. Please see the documentation at: https://numba.readthedocs.io/en/stable/reference/deprecation.html#deprecation-of-generated-jit for more information and advice on a suitable replacement.[0m
  warnings.warn(msg, NumbaDeprecationWarning)
------------------

[0;31m---------------------------------------------------------------------------[0m
[0;31mImportError[0m                               Traceback (most recent call last)
Cell [0;32mIn[1], line 2[0m
[1;32m      1[0m [38;5;28;01mfrom[39;00m [38;5;21;01mactivitysim[39;00m[38;5;21;01m.[39;00m[38;5;21;01mcore[39;00m [38;5;28;01mimport[39;00m workflow
[0;32m----> 2[0m [38;5;28;01mfrom[39;00m [38;5;21;01mactivitysim[39;00m [38;5;28;01mimport[39;00m abm

File [0;32m/usr/share/miniconda3/envs/docbuild/lib/python3.10/site-packages/activitysim/abm/__init__.py:3[0m
[1;32m      1[0m [38;5;66;03m# ActivitySim[39;00m
[1;32m      2[0m [38;5;66;03m# See full license in LICENSE.txt.[39;00m
[0;32m----> 3[0m [38;5;28;01mfrom[39;00m [38;5;21;01mactivitysim[39;00m[38;5;21;01m.[39;00m[38;5;21;01mabm[39;00m [38;5;28;01mimport[39;00m misc, models, tables
[1;32m      4[0m [38;5;28;01mfrom[39;00m [38;5;21;01mactivitysim[39;00m[38;5;21;01m.[39;00m[38;5;21;01mcore[39;00m[38;5;21;01m.[39;00m[38;5;21;01msteps[39;00m [38;5;28;01mimport[39;00m output  [38;5;66;03m# also contains workflow.step # noqa: F401[39;00m

File [0;32m/usr/share/miniconda3/envs/docbuild/lib/python3.10/site-packages/activitysim/abm/models/__init__.py:5[0m
[1;32m      1[0m [38;5;66;03m# flake8: noqa[39;00m
[1;32m      2[0m [38;5;66;03m# ActivitySim[39;00m
[1;32m      3[0m [38;5;66;03m# See full license in LICENSE.txt.[39;00m
[0;32m----> 5[0m [38;5;28;01mfrom[39;00m [38;5;21;01m.[39;00m [38;5;28;01mimport[39;00m (
[1;32m      6[0m     accessibility,
[1;32m      7[0m     atwork_subtour_destination,
[1;32m      8[0m     atwork_subtour_frequency,
[1;32m      9[0m     atwork_subtour_mode_choice,
[1;32m     10[0m     atwork_subtour_scheduling,
[1;32m     11[0m     auto_ownership,
[1;32m     12[0m     cdap,
[1;32m     13[0m     disaggregate_accessibility,
[1;32m     14[0m     free_parking,
[1;32m     15[0m     initialize,
[1;32m     16[0m     initialize_los,
[1;32m     17[0m     initialize_tours,
[1;32m     18[0m     joint_tour_composition,
[1;32m     19[0m     joint_tour_destination,
[1;32m     20[0m     joint_tour_frequency,
[1;32m     21[0m     joint_tour_participation,
[1;32m     22[0m     joint_tour_scheduling,
[1;32m     23[0m     joint_tour_frequency_composition,
[1;32m     24[0m     location_choice,
[1;32m     25[0m     mandatory_scheduling,
[1;32m     26[0m     mandatory_tour_frequency,
[1;32m     27[0m     non_mandatory_destination,
[1;32m     28[0m     non_mandatory_scheduling,
[1;32m     29[0m     non_mandatory_tour_frequency,
[1;32m     30[0m     parking_location_choice,
[1;32m     31[0m     school_escorting,
[1;32m     32[0m     stop_frequency,
[1;32m     33[0m     summarize,
[1;32m     34[0m     telecommute_frequency,
[1;32m     35[0m     tour_mode_choice,
[1;32m     36[0m     tour_od_choice,
[1;32m     37[0m     tour_scheduling_probabilistic,
[1;32m     38[0m     transit_pass_ownership,
[1;32m     39[0m     transit_pass_subsidy,
[1;32m     40[0m     trip_departure_choice,
[1;32m     41[0m     trip_destination,
[1;32m     42[0m     trip_matrices,
[1;32m     43[0m     trip_mode_choice,
[1;32m     44[0m     trip_purpose,
[1;32m     45[0m     trip_purpose_and_destination,
[1;32m     46[0m     trip_scheduling,
[1;32m     47[0m     trip_scheduling_choice,
[1;32m     48[0m     vehicle_allocation,
[1;32m     49[0m     vehicle_type_choice,
[1;32m     50[0m     work_from_home,
[1;32m     51[0m )

File [0;32m/usr/share/miniconda3/envs/docbuild/lib/python3.10/site-packages/activitysim/abm/models/accessibility.py:12[0m
[1;32m      9[0m [38;5;28;01mimport[39;00m [38;5;21;01mnumpy[39;00m [38;5;28;01mas[39;00m [38;5;21;01mnp[39;00m
[1;32m     10[0m [38;5;28;01mimport[39;00m [38;5;21;01mpandas[39;00m [38;5;28;01mas[39;00m [38;5;21;01mpd[39;00m
[0;32m---> 12[0m [38;5;28;01mfrom[39;00m [38;5;21;01mactivitysim[39;00m[38;5;21;01m.[39;00m[38;5;21;01mcore[39;00m [38;5;28;01mimport[39;00m assign, chunk, los, workflow
[1;32m     13[0m [38;5;28;01mfrom[39;00m [38;5;21;01mactivitysim[39;00m[38;5;21;01m.[39;00m[38;5;21;01mcore[39;00m[38;5;21;01m.[39;00m[38;5;21;01mconfiguration[39;00m[38;5;21;01m.[39;00m[38;5;21;01mbase[39;00m [38;5;28;01mimport[39;00m PydanticReadable
[1;32m     15[0m logger [38;5;241m=[39m logging[38;5;241m.[39mgetLogger([38;5;18m__name__[39m)

File [0;32m/usr/share/miniconda3/envs/docbuild/lib/python3.10/site-packages/activitysim/core/los.py:19[0m
[1;32m     17[0m [38;5;28;01mfrom[39;00m [38;5;21;01mactivitysim[39;00m[38;5;21;01m.[39;00m[38;5;21;01mcore[39;00m[38;5;21;01m.[39;00m[38;5;21;01mcleaning[39;00m [38;5;28;01mimport[39;00m recode_based_on_table
[1;32m     18[0m [38;5;28;01mfrom[39;00m [38;5;21;01mactivitysim[39;00m[38;5;21;01m.[39;00m[38;5;21;01mcore[39;00m[38;5;21;01m.[39;00m[38;5;21;01mconfiguration[39;00m[38;5;21;01m.[39;00m[38;5;21;01mnetwork[39;00m [38;5;28;01mimport[39;00m NetworkSettings, TAZ_Settings
[0;32m---> 19[0m [38;5;28;01mfrom[39;00m [38;5;21;01mactivitysim[39;00m[38;5;21;01m.[39;00m[38;5;21;01mcore[39;00m[38;5;21;01m.[39;00m[38;5;21;01mskim_dict_factory[39;00m [38;5;28;01mimport[39;00m MemMapSkimFactory, NumpyArraySkimFactory
[1;32m     20[0m [38;5;28;01mfrom[39;00m [38;5;21;01mactivitysim[39;00m[38;5;21;01m.[39;00m[38;5;21;01mcore[39;00m[38;5;21;01m.[39;00m[38;5;21;01mskim_dictionary[39;00m [38;5;28;01mimport[39;00m NOT_IN_SKIM_ZONE_ID
[1;32m     22[0m skim_factories [38;5;241m=[39m {
[1;32m     23[0m     [38;5;124m"[39m[38;5;124mNumpyArraySkimFactory[39m[38;5;124m"[39m: NumpyArraySkimFactory,
[1;32m     24[0m     [38;5;124m"[39m[38;5;124mMemMapSkimFactory[39m[38;5;124m"[39m: MemMapSkimFactory,
[1;32m     25[0m }

File [0;32m/usr/share/miniconda3/envs/docbuild/lib/python3.10/site-packages/activitysim/core/skim_dict_factory.py:13[0m
[1;32m     10[0m [38;5;28;01mfrom[39;00m [38;5;21;01mabc[39;00m [38;5;28;01mimport[39;00m ABC
[1;32m     12[0m [38;5;28;01mimport[39;00m [38;5;21;01mnumpy[39;00m [38;5;28;01mas[39;00m [38;5;21;01mnp[39;00m
[0;32m---> 13[0m [38;5;28;01mimport[39;00m [38;5;21;01mopenmatrix[39;00m [38;5;28;01mas[39;00m [38;5;21;01momx[39;00m
[1;32m     15[0m [38;5;28;01mfrom[39;00m [38;5;21;01mactivitysim[39;00m[38;5;21;01m.[39;00m[38;5;21;01mcore[39;00m [38;5;28;01mimport[39;00m skim_dictionary, util
[1;32m     17[0m logger [38;5;241m=[39m logging[38;5;241m.[39mgetLogger([38;5;18m__name__[39m)

File [0;32m/usr/share/miniconda3/envs/docbuild/lib/python3.10/site-packages/openmatrix/__init__.py:3[0m
[1;32m      1[0m [38;5;28;01mfrom[39;00m [38;5;21;01m__future__[39;00m [38;5;28;01mimport[39;00m print_function
[0;32m----> 3[0m [38;5;28;01mimport[39;00m [38;5;21;01mtables[39;00m
[1;32m      4[0m [38;5;28;01mimport[39;00m [38;5;21;01mnumpy[39;00m [38;5;28;01mas[39;00m [38;5;21;01mnp[39;00m
[1;32m      6[0m [38;5;28;01mfrom[39;00m [38;5;21;01m.[39;00m[38;5;21;01mFile[39;00m [38;5;28;01mimport[39;00m [38;5;241m*[39m

File [0;32m/usr/share/miniconda3/envs/docbuild/lib/python3.10/site-packages/tables/__init__.py:24[0m
[1;32m     13[0m [38;5;124;03m"""PyTables, hierarchical datasets in Python.[39;00m
[1;32m     14[0m 
[1;32m     15[0m [38;5;124;03m:URL: http://www.pytables.org/[39;00m
[0;32m   (...)[0m
[1;32m     19[0m 
[1;32m     20[0m [38;5;124;03m"""[39;00m
[1;32m     23[0m [38;5;66;03m# Necessary imports to get versions stored on the cython extension[39;00m
[0;32m---> 24[0m [38;5;28;01mfrom[39;00m [38;5;21;01m.[39;00m[38;5;21;01mutilsextension[39;00m [38;5;28;01mimport[39;00m (
[1;32m     25[0m     get_pytables_version, get_hdf5_version, blosc_compressor_list,
[1;32m     26[0m     blosc_compcode_to_compname_ [38;5;28;01mas[39;00m blosc_compcode_to_compname,
[1;32m     27[0m     blosc_get_complib_info_ [38;5;28;01mas[39;00m blosc_get_complib_info)
[1;32m     30[0m __version__ [38;5;241m=[39m get_pytables_version()
[1;32m     31[0m [38;5;124;03m"""The PyTables version number."""[39;00m

File [0;32mtables/utilsextension.pyx:169[0m, in [0;36minit tables.utilsextension[0;34m()[0m

[0;31mImportError[0m: cannot import name typeDict

